<?xml version="1.0" encoding="UTF-8"?>
<!-- Generated by org.testng.reporters.JUnitReportReporter -->
<testsuite hostname="WSAMZN-BK8QRMDL" failures="0" tests="2" name="art1130.NewTest" time="0.010" errors="0" timestamp="2022-11-30T08:55:52 CAT" skipped="0">
  <testcase classname="art1130.NewTest" name="runmethod2" time="0.002"/>
  <system-out/>
  <testcase classname="art1130.NewTest" name="runmethod1" time="0.008"/>
  <system-out/>
</testsuite> <!-- art1130.NewTest -->
