<?xml version="1.0" encoding="UTF-8"?>
<!-- Generated by org.testng.reporters.JUnitReportReporter -->
<testsuite hostname="WSAMZN-BK8QRMDL" failures="0" tests="2" name="art1130.test150" time="12.829" errors="0" timestamp="2022-11-30T11:45:28 CAT" skipped="0">
  <testcase classname="art1130.test150" name="Applogin" time="10.567"/>
  <system-out/>
  <testcase classname="art1130.test150" name="validatelogin" time="2.262"/>
  <system-out/>
</testsuite> <!-- art1130.test150 -->
